02/22/10 01:19.21 [FINE] - CacheKeyManager initialized.
02/22/10 01:19.23 [INFO] - Thread monitor started  (timeout: 30)
02/22/10 01:19.23 [INFO] - SessionMonitor started.
02/22/10 01:19.23 [FINE] - Logger thread started
02/22/10 01:19.23 [FINE] - loading database driver:org.firebirdsql.jdbc.FBDriver
02/22/10 01:19.23 [FINE] - loading database driver:com.mysql.jdbc.Driver
02/22/10 01:19.31 [FINE] - adding thread id:21 from running map
02/22/10 01:19.31 [FINE] - parsed AppName: app1
02/22/10 01:19.31 [FINE] - parsed AppDir: c:/easygsp/webapps/app1
02/22/10 01:19.31 [FINE] - parsed RequestURIPath: c:/easygsp/webapps/app1/index.gspx
02/22/10 01:19.31 [FINE] - parsed RequestURI: index.gspx
02/22/10 01:19.31 [FINE] - loading application: c:\easygsp\webapps\app1
02/22/10 01:19.31 [FINE] - starting application: c:\easygsp\webapps\app1
02/22/10 01:19.31 [FINE] - invoking onApplicationStart for app1
02/22/10 01:19.37 [FINE] - onApplicationStart successful for app1
02/22/10 01:19.38 [FINE] - logging 2 message(s) in log queue
02/22/10 01:19.38 [INFO] - INSERT INTO tblprofile (last_name) VALUES (?)
02/22/10 01:19.41 [FINE] com.sybrix.easygsp.http.RequestThread$1.call() - No signature of method: index.cout() is applicable for argument types: (java.lang.String) values: [ ok ]
Possible solutions: log(java.lang.String), toInt(java.lang.String), wait(), run(), run(), encode(java.lang.String)
groovy.lang.MissingMethodException: No signature of method: index.cout() is applicable for argument types: (java.lang.String) values: [ ok ]
Possible solutions: log(java.lang.String), toInt(java.lang.String), wait(), run(), run(), encode(java.lang.String)
	at org.codehaus.groovy.runtime.ScriptBytecodeAdapter(unwrap:54)
	at org.codehaus.groovy.runtime.callsite.PogoMetaClassSite(callCurrent:78)
	at org.codehaus.groovy.runtime.callsite.CallSiteArray(defaultCallCurrent:44)
	at org.codehaus.groovy.runtime.callsite.AbstractCallSite(callCurrent:143)
	at org.codehaus.groovy.runtime.callsite.AbstractCallSite(callCurrent:151)
	at index(run:57)
	at com.sybrix.easygsp.http.GSE4(run:520)
	at com.sybrix.easygsp.http.RequestThread$1(call:354)
	at org.codehaus.groovy.runtime.GroovyCategorySupport$ThreadCategoryInfo(use:93)
	at org.codehaus.groovy.runtime.GroovyCategorySupport$ThreadCategoryInfo(access$200:61)
	at org.codehaus.groovy.runtime.GroovyCategorySupport(use:201)
	at com.sybrix.easygsp.http.RequestThread(processScriptRequest:412)
	at com.sybrix.easygsp.http.RequestThread(run:188)


02/22/10 01:19.46 [FINE] - logging 3 message(s) in log queue
02/22/10 01:19.46 [FINE] - took 15070 ms
02/22/10 01:19.56 [FINE] - adding thread id:22 from running map
02/22/10 01:19.56 [FINE] - parsed AppName: tradestore
02/22/10 01:19.56 [FINE] - parsed AppDir: c:/easygsp/webapps/tradestore
02/22/10 01:19.56 [FINE] - parsed RequestURIPath: c:/easygsp/webapps/tradestore/index.gspx
02/22/10 01:19.56 [FINE] - parsed RequestURI: index.gspx
02/22/10 01:19.56 [FINE] - loading application: c:\easygsp\webapps\tradestore
02/22/10 01:19.56 [FINE] - starting application: c:\easygsp\webapps\tradestore
02/22/10 01:19.56 [FINE] - invoking onApplicationStart for tradestore
02/22/10 01:20.00 [INFO] - EasyOM loaded class:model.Game
02/22/10 01:20.00 [INFO] - EasyOM loaded class:model.GameCustomer
02/22/10 01:20.00 [INFO] - EasyOM loaded class:model.GameCustomerAddress
02/22/10 01:20.00 [INFO] - EasyOM loaded class:model.GameEsrbRating
02/22/10 01:20.00 [INFO] - EasyOM loaded class:model.GameGenre
02/22/10 01:20.00 [INFO] - EasyOM loaded class:model.GamePaymentType
02/22/10 01:20.00 [INFO] - EasyOM loaded class:model.GameReview
02/22/10 01:20.00 [INFO] - EasyOM loaded class:model.GameState
02/22/10 01:20.00 [INFO] - EasyOM loaded class:model.GameSystem
02/22/10 01:20.00 [INFO] - EasyOM loaded class:model.GameTitle
02/22/10 01:20.00 [INFO] - EasyOM loaded class:model.GameTradeInvoice
02/22/10 01:20.01 [INFO] - EasyOM loaded class:model.GameTradeInvoiceX
02/22/10 01:20.01 [INFO] - EasyOM loaded class:model.VwAllGames
02/22/10 01:20.01 [INFO] - EasyOM loaded class:model.VwGameCustomerAddress
02/22/10 01:20.01 [INFO] - EasyOM loaded class:model.VwGameGenre
02/22/10 01:20.01 [FINE] - onApplicationStart successful for tradestore
02/22/10 01:20.03 [INFO] - SELECT game_title_id as gameTitleId, game_title as gameTitle, game_genre_id as gameGenreId, title_description as titleDescription, developer as developer, esrb_rating as esrbRating, publisher as publisher, game_genre as gameGenre, game_id as gameId, game_system_id as gameSystemId, small_image_url as smallImageUrl, large_image_url as largeImageUrl, medium_image_url as mediumImageUrl, quantity_in_stock as quantityInStock, weight as weight, trade_for_credit_price as tradeForCreditPrice, trade_for_cash_price as tradeForCashPrice, cost as cost, retail_price as retailPrice, active as active, upc_code as upcCode, accepting_trades as acceptingTrades, game_system_code as gameSystemCode, game_system as gameSystem, game_count as gameCount FROM vw_all_games WHERE accepting_trades = ?  
02/22/10 01:20.03 [INFO] - SELECT game_genre_id as gameGenreId, description as description, sort_order as sortOrder FROM vw_game_genre ORDER BY description
02/22/10 01:20.03 [INFO] - SELECT game_system_id as gameSystemId, game_system_code as gameSystemCode, game_system as gameSystem FROM game_system ORDER BY game_system
02/22/10 01:20.12 [FINE] - logging 1 message(s) in log queue
02/22/10 01:20.35 [FINE] - trying to stop a thread ....
02/22/10 01:20.35 [FINE] - stopped called on thread ....
02/22/10 01:20.43 [SEVERE] org.apache.jcs.auxiliary.disk.indexed.IndexedDiskCache.doGet() - Region [sessionCache] Failure getting from disk, key = IRKBUWYORUKNMUFESGX6J6_gameSystemCode
java.lang.InterruptedException
	at EDU.oswego.cs.dl.util.concurrent.WriterPreferenceReadWriteLock$ReaderLock(acquire:-1)
	at org.apache.jcs.auxiliary.disk.indexed.IndexedDiskCache(doGet:534)
	at org.apache.jcs.auxiliary.disk.AbstractDiskCache(get:292)
	at org.apache.jcs.engine.control.CompositeCache(get:516)
	at org.apache.jcs.engine.control.CompositeCache(get:423)
	at org.apache.jcs.access.CacheAccess(get:190)
	at com.sybrix.easygsp.http.SessionCache(get:51)
	at com.sybrix.easygsp.http.SessionImpl(getAttribute:144)
	at com.sybrix.easygsp.http.CustomServletCategory(get:22)
	at sun.reflect.NativeMethodAccessorImpl(invoke0:-2)
	at sun.reflect.NativeMethodAccessorImpl(invoke:39)
	at sun.reflect.DelegatingMethodAccessorImpl(invoke:25)
	at java.lang.reflect.Method(invoke:597)
	at org.codehaus.groovy.runtime.metaclass.ReflectionMetaMethod(invoke:51)
	at org.codehaus.groovy.runtime.metaclass.NewInstanceMetaMethod(invoke:54)
	at groovy.lang.MetaMethod(doMethodInvoke:233)
	at groovy.lang.MetaClassImpl(getProperty:1603)
	at groovy.lang.MetaClassImpl(getProperty:3295)
	at org.codehaus.groovy.runtime.InvokerHelper(getProperty:161)
	at org.codehaus.groovy.runtime.callsite.PojoMetaClassGetPropertySite(getProperty:33)
	at org.codehaus.groovy.runtime.callsite.AbstractCallSite(callGetProperty:237)
	at SimpleTemplateScript2(run:51)
	at com.sybrix.easygsp.http.IncludeTemplateEngine$SimpleTemplate$1(writeTo:176)
	at com.sybrix.easygsp.http.TemplateServlet(service:419)
	at com.sybrix.easygsp.http.RequestImpl(forwardToView:594)
	at com.sybrix.easygsp.http.RequestThread$1(call:361)
	at org.codehaus.groovy.runtime.GroovyCategorySupport$ThreadCategoryInfo(use:93)
	at org.codehaus.groovy.runtime.GroovyCategorySupport$ThreadCategoryInfo(access$200:61)
	at org.codehaus.groovy.runtime.GroovyCategorySupport(use:201)
	at com.sybrix.easygsp.http.RequestThread(processScriptRequest:412)
	at com.sybrix.easygsp.http.RequestThread(run:188)


02/22/10 01:20.43 [SEVERE] com.sybrix.easygsp.http.ResponseImpl.sendResponse() - sendResponse() failed: 
java.io.IOException: sendHeaders() failed
	at com.sybrix.easygsp.http.ResponseImpl(sendHeaders:383)
	at com.sybrix.easygsp.http.ResponseImpl(sendResponse:356)
	at com.sybrix.easygsp.http.RequestThread(run:205)


02/22/10 01:20.43 [FINE] - took 46708 ms
02/22/10 01:20.49 [FINE] - adding thread id:24 from running map
02/22/10 01:20.49 [FINE] - parsed AppName: tradestore
02/22/10 01:20.49 [FINE] - parsed AppDir: c:/easygsp/webapps/tradestore
02/22/10 01:20.49 [FINE] - parsed RequestURIPath: c:/easygsp/webapps/tradestore/index.gspx
02/22/10 01:20.49 [FINE] - parsed RequestURI: index.gspx
02/22/10 01:20.50 [INFO] - SELECT game_title_id as gameTitleId, game_title as gameTitle, game_genre_id as gameGenreId, title_description as titleDescription, developer as developer, esrb_rating as esrbRating, publisher as publisher, game_genre as gameGenre, game_id as gameId, game_system_id as gameSystemId, small_image_url as smallImageUrl, large_image_url as largeImageUrl, medium_image_url as mediumImageUrl, quantity_in_stock as quantityInStock, weight as weight, trade_for_credit_price as tradeForCreditPrice, trade_for_cash_price as tradeForCashPrice, cost as cost, retail_price as retailPrice, active as active, upc_code as upcCode, accepting_trades as acceptingTrades, game_system_code as gameSystemCode, game_system as gameSystem, game_count as gameCount FROM vw_all_games WHERE accepting_trades = ?  
02/22/10 01:20.50 [INFO] - SELECT game_genre_id as gameGenreId, description as description, sort_order as sortOrder FROM vw_game_genre ORDER BY description
02/22/10 01:20.50 [INFO] - SELECT game_system_id as gameSystemId, game_system_code as gameSystemCode, game_system as gameSystem FROM game_system ORDER BY game_system
02/22/10 01:20.52 [FINE] - took 2728 ms
02/22/10 01:20.53 [FINE] - logging 1 message(s) in log queue
