01/28/10 00:58.48 [FINE] - CacheKeyManager initialized.
01/28/10 00:58.49 [INFO] - Thread monitor started  (timeout: 300)
01/28/10 00:58.49 [INFO] - SessionMonitor started.
01/28/10 00:58.49 [FINE] - Logger thread started
01/28/10 00:58.50 [FINE] - loading database driver:org.firebirdsql.jdbc.FBDriver
01/28/10 00:58.50 [FINE] - loading database driver:com.mysql.jdbc.Driver
01/28/10 01:04.30 [FINE] - adding thread id:21 from running map
01/28/10 01:04.36 [FINE] - parsed AppName: app1
01/28/10 01:04.36 [FINE] - parsed AppDir: C:/projects/easygsp/easygsp/webapps/app1
01/28/10 01:04.36 [FINE] - parsed RequestURIPath: C:/projects/easygsp/easygsp/webapps/app1/index.gspx
01/28/10 01:04.36 [FINE] - parsed RequestURI: index.gspx
01/28/10 01:04.36 [FINE] - loading application: C:\projects\easygsp\easygsp\webapps\app1
01/28/10 01:04.36 [FINE] - starting application: C:\projects\easygsp\easygsp\webapps\app1
01/28/10 01:04.36 [FINE] - invoking onApplicationStart for app1
01/28/10 01:04.41 [FINE] - onApplicationStart successful for app1
01/28/10 01:04.41 [FINE] - trying locate session in cache
01/28/10 01:04.41 [FINE] - session(EKJQCPHCPXU7QHHUB4RQA9) NOT found in cache
01/28/10 01:04.41 [FINE] - trying locate session in cache
01/28/10 01:04.41 [FINE] - session(EKJQCPHCPXU7QHHUB4RQA9) NOT found in cache
01/28/10 01:04.42 [FINE] - trying locate session in cache
01/28/10 01:04.42 [FINE] - session(EKJQCPHCPXU7QHHUB4RQA9) NOT found in cache
01/28/10 01:04.42 [INFO] - INSERT INTO tblprofile (last_name) VALUES (?)
01/28/10 01:04.43 [FINE] - took 12993 ms
01/28/10 01:04.45 [FINE] - logging 3 message(s) in log queue
01/28/10 01:04.49 [FINE] - adding thread id:22 from running map
01/28/10 01:04.57 [FINE] - parsed AppName: app1
01/28/10 01:04.57 [FINE] - parsed AppDir: C:/projects/easygsp/easygsp/webapps/app1
01/28/10 01:04.57 [FINE] - parsed RequestURIPath: C:/projects/easygsp/easygsp/webapps/app1/index.gspx
01/28/10 01:04.57 [FINE] - parsed RequestURI: index.gspx
01/28/10 01:04.58 [INFO] - INSERT INTO tblprofile (last_name) VALUES (?)
01/28/10 01:04.58 [FINE] - took 8618 ms
01/28/10 01:04.58 [FINE] - logging 2 message(s) in log queue
01/28/10 01:05.23 [FINE] - adding thread id:23 from running map
01/28/10 01:05.27 [FINE] - parsed AppName: app1
01/28/10 01:05.27 [FINE] - parsed AppDir: C:/projects/easygsp/easygsp/webapps/app1
01/28/10 01:05.27 [FINE] - parsed RequestURIPath: C:/projects/easygsp/easygsp/webapps/app1/index.gspx
01/28/10 01:05.27 [FINE] - parsed RequestURI: index.gspx
01/28/10 01:05.28 [INFO] - INSERT INTO tblprofile (last_name) VALUES (?)
01/28/10 01:05.28 [FINE] - took 4613 ms
01/28/10 01:05.28 [FINE] - logging 2 message(s) in log queue
01/28/10 01:05.39 [FINE] - adding thread id:24 from running map
01/28/10 01:05.39 [FINE] - parsed AppName: app1
01/28/10 01:05.39 [FINE] - parsed AppDir: C:/projects/easygsp/easygsp/webapps/app1
01/28/10 01:05.39 [FINE] - parsed RequestURIPath: C:/projects/easygsp/easygsp/webapps/app1/index.gspx
01/28/10 01:05.39 [FINE] - parsed RequestURI: index.gspx
01/28/10 01:05.39 [INFO] - INSERT INTO tblprofile (last_name) VALUES (?)
01/28/10 01:05.39 [FINE] - took 122 ms
01/28/10 01:05.40 [FINE] - adding thread id:25 from running map
01/28/10 01:05.40 [FINE] - parsed AppName: app1
01/28/10 01:05.40 [FINE] - parsed AppDir: C:/projects/easygsp/easygsp/webapps/app1
01/28/10 01:05.40 [FINE] - parsed RequestURIPath: C:/projects/easygsp/easygsp/webapps/app1/index.gspx
01/28/10 01:05.40 [FINE] - parsed RequestURI: index.gspx
01/28/10 01:05.40 [INFO] - INSERT INTO tblprofile (last_name) VALUES (?)
01/28/10 01:05.41 [FINE] - took 220 ms
01/28/10 01:05.43 [FINE] - logging 4 message(s) in log queue
01/28/10 01:05.45 [FINE] - adding thread id:26 from running map
01/28/10 01:05.45 [FINE] - parsed AppName: app1
01/28/10 01:05.45 [FINE] - parsed AppDir: c:/projects/easygsp/easygsp/webapps/app1
01/28/10 01:05.45 [FINE] - parsed RequestURIPath: c:/projects/easygsp/easygsp/webapps/app1/index.gspx
01/28/10 01:05.45 [FINE] - parsed RequestURI: index.gspx
01/28/10 01:05.45 [INFO] - INSERT INTO tblprofile (last_name) VALUES (?)
01/28/10 01:05.45 [FINE] - took 248 ms
01/28/10 01:05.47 [FINE] - adding thread id:27 from running map
01/28/10 01:05.47 [FINE] - parsed AppName: app1
01/28/10 01:05.47 [FINE] - parsed AppDir: c:/projects/easygsp/easygsp/webapps/app1
01/28/10 01:05.47 [FINE] - parsed RequestURIPath: c:/projects/easygsp/easygsp/webapps/app1/index.gspx
01/28/10 01:05.47 [FINE] - parsed RequestURI: index.gspx
01/28/10 01:05.47 [INFO] - INSERT INTO tblprofile (last_name) VALUES (?)
01/28/10 01:05.47 [FINE] - took 321 ms
01/28/10 01:05.48 [FINE] - logging 4 message(s) in log queue
01/28/10 01:05.51 [FINE] - adding thread id:28 from running map
01/28/10 01:05.51 [FINE] - parsed AppName: app1
01/28/10 01:05.51 [FINE] - parsed AppDir: C:/projects/easygsp/easygsp/webapps/app1
01/28/10 01:05.51 [FINE] - parsed RequestURIPath: C:/projects/easygsp/easygsp/webapps/app1/index.gspx
01/28/10 01:05.51 [FINE] - parsed RequestURI: index.gspx
01/28/10 01:05.51 [INFO] - INSERT INTO tblprofile (last_name) VALUES (?)
01/28/10 01:05.51 [FINE] - took 752 ms
01/28/10 01:05.53 [FINE] - logging 2 message(s) in log queue
01/28/10 01:06.12 [FINE] - adding thread id:29 from running map
01/28/10 01:06.12 [FINE] - parsed AppName: app1
01/28/10 01:06.12 [FINE] - parsed AppDir: c:/projects/easygsp/easygsp/webapps/app1
01/28/10 01:06.12 [FINE] - parsed RequestURIPath: c:/projects/easygsp/easygsp/webapps/app1/index.gspx
01/28/10 01:06.12 [FINE] - parsed RequestURI: index.gspx
01/28/10 01:06.12 [INFO] - INSERT INTO tblprofile (last_name) VALUES (?)
01/28/10 01:06.12 [FINE] - took 283 ms
01/28/10 01:06.13 [FINE] - logging 2 message(s) in log queue
01/28/10 01:07.05 [FINE] - adding thread id:30 from running map
01/28/10 01:07.05 [FINE] - parsed AppName: app1
01/28/10 01:07.05 [FINE] - parsed AppDir: c:/projects/easygsp/easygsp/webapps/app1
01/28/10 01:07.05 [FINE] - parsed RequestURIPath: c:/projects/easygsp/easygsp/webapps/app1/index.gspx
01/28/10 01:07.05 [FINE] - parsed RequestURI: index.gspx
01/28/10 01:07.05 [INFO] - INSERT INTO tblprofile (last_name) VALUES (?)
01/28/10 01:07.05 [FINE] - took 129 ms
01/28/10 01:07.08 [FINE] - logging 2 message(s) in log queue
