[10/09/2009 05:34:10 PM EDT] - this is a log message
[10/09/2009 05:34:11 PM EDT] - sun.reflect.NativeConstructorAccessorImpl.newInstance0(Native Method)
sun.reflect.NativeConstructorAccessorImpl.newInstance(NativeConstructorAccessorImpl.java:39)
sun.reflect.DelegatingConstructorAccessorImpl.newInstance(DelegatingConstructorAccessorImpl.java:27)
java.lang.reflect.Constructor.newInstance(Constructor.java:513)
org.codehaus.groovy.reflection.CachedConstructor.invoke(CachedConstructor.java:77)
org.codehaus.groovy.runtime.callsite.ConstructorSite$ConstructorSiteNoUnwrapNoCoerce.callConstructor(ConstructorSite.java:107)
org.codehaus.groovy.runtime.callsite.CallSiteArray.defaultCallConstructor(CallSiteArray.java:52)
org.codehaus.groovy.runtime.callsite.AbstractCallSite.callConstructor(AbstractCallSite.java:192)
org.codehaus.groovy.runtime.callsite.AbstractCallSite.callConstructor(AbstractCallSite.java:200)
index.run(index.groovy:41)
com.sybrix.easygsp.http.GSE3.run(GSE3.java:459)
com.sybrix.easygsp.http.RequestThread$1.call(RequestThread.java:331)
org.codehaus.groovy.runtime.GroovyCategorySupport$ThreadCategoryInfo.use(GroovyCategorySupport.java:93)
org.codehaus.groovy.runtime.GroovyCategorySupport$ThreadCategoryInfo.access$200(GroovyCategorySupport.java:61)
org.codehaus.groovy.runtime.GroovyCategorySupport.use(GroovyCategorySupport.java:201)
com.sybrix.easygsp.http.RequestThread.processScriptRequest(RequestThread.java:377)
com.sybrix.easygsp.http.RequestThread.run(RequestThread.java:164)

[10/09/2009 05:34:11 PM EDT] - failed
sun.reflect.NativeConstructorAccessorImpl.newInstance0(Native Method)
sun.reflect.NativeConstructorAccessorImpl.newInstance(NativeConstructorAccessorImpl.java:39)
sun.reflect.DelegatingConstructorAccessorImpl.newInstance(DelegatingConstructorAccessorImpl.java:27)
java.lang.reflect.Constructor.newInstance(Constructor.java:513)
org.codehaus.groovy.reflection.CachedConstructor.invoke(CachedConstructor.java:77)
org.codehaus.groovy.runtime.callsite.ConstructorSite$ConstructorSiteNoUnwrapNoCoerce.callConstructor(ConstructorSite.java:107)
org.codehaus.groovy.runtime.callsite.CallSiteArray.defaultCallConstructor(CallSiteArray.java:52)
org.codehaus.groovy.runtime.callsite.AbstractCallSite.callConstructor(AbstractCallSite.java:192)
org.codehaus.groovy.runtime.callsite.AbstractCallSite.callConstructor(AbstractCallSite.java:200)
index.run(index.groovy:41)
com.sybrix.easygsp.http.GSE3.run(GSE3.java:459)
com.sybrix.easygsp.http.RequestThread$1.call(RequestThread.java:331)
org.codehaus.groovy.runtime.GroovyCategorySupport$ThreadCategoryInfo.use(GroovyCategorySupport.java:93)
org.codehaus.groovy.runtime.GroovyCategorySupport$ThreadCategoryInfo.access$200(GroovyCategorySupport.java:61)
org.codehaus.groovy.runtime.GroovyCategorySupport.use(GroovyCategorySupport.java:201)
com.sybrix.easygsp.http.RequestThread.processScriptRequest(RequestThread.java:377)
com.sybrix.easygsp.http.RequestThread.run(RequestThread.java:164)

[10/09/2009 05:34:11 PM EDT] - log message from index.groovy
[10/09/2009 05:35:50 PM EDT] - this is a log message
[10/09/2009 05:35:50 PM EDT] - 	sun.reflect.NativeConstructorAccessorImpl.newInstance0(Native Method)
	sun.reflect.NativeConstructorAccessorImpl.newInstance(NativeConstructorAccessorImpl.java:39)
	sun.reflect.DelegatingConstructorAccessorImpl.newInstance(DelegatingConstructorAccessorImpl.java:27)
	java.lang.reflect.Constructor.newInstance(Constructor.java:513)
	org.codehaus.groovy.reflection.CachedConstructor.invoke(CachedConstructor.java:77)
	org.codehaus.groovy.runtime.callsite.ConstructorSite$ConstructorSiteNoUnwrapNoCoerce.callConstructor(ConstructorSite.java:107)
	org.codehaus.groovy.runtime.callsite.CallSiteArray.defaultCallConstructor(CallSiteArray.java:52)
	org.codehaus.groovy.runtime.callsite.AbstractCallSite.callConstructor(AbstractCallSite.java:192)
	org.codehaus.groovy.runtime.callsite.AbstractCallSite.callConstructor(AbstractCallSite.java:200)
	index.run(index.groovy:41)
	com.sybrix.easygsp.http.GSE3.run(GSE3.java:459)
	com.sybrix.easygsp.http.RequestThread$1.call(RequestThread.java:331)
	org.codehaus.groovy.runtime.GroovyCategorySupport$ThreadCategoryInfo.use(GroovyCategorySupport.java:93)
	org.codehaus.groovy.runtime.GroovyCategorySupport$ThreadCategoryInfo.access$200(GroovyCategorySupport.java:61)
	org.codehaus.groovy.runtime.GroovyCategorySupport.use(GroovyCategorySupport.java:201)
	com.sybrix.easygsp.http.RequestThread.processScriptRequest(RequestThread.java:377)
	com.sybrix.easygsp.http.RequestThread.run(RequestThread.java:164)
[10/09/2009 05:35:50 PM EDT] - failed
	sun.reflect.NativeConstructorAccessorImpl.newInstance0(Native Method)
	sun.reflect.NativeConstructorAccessorImpl.newInstance(NativeConstructorAccessorImpl.java:39)
	sun.reflect.DelegatingConstructorAccessorImpl.newInstance(DelegatingConstructorAccessorImpl.java:27)
	java.lang.reflect.Constructor.newInstance(Constructor.java:513)
	org.codehaus.groovy.reflection.CachedConstructor.invoke(CachedConstructor.java:77)
	org.codehaus.groovy.runtime.callsite.ConstructorSite$ConstructorSiteNoUnwrapNoCoerce.callConstructor(ConstructorSite.java:107)
	org.codehaus.groovy.runtime.callsite.CallSiteArray.defaultCallConstructor(CallSiteArray.java:52)
	org.codehaus.groovy.runtime.callsite.AbstractCallSite.callConstructor(AbstractCallSite.java:192)
	org.codehaus.groovy.runtime.callsite.AbstractCallSite.callConstructor(AbstractCallSite.java:200)
	index.run(index.groovy:41)
	com.sybrix.easygsp.http.GSE3.run(GSE3.java:459)
	com.sybrix.easygsp.http.RequestThread$1.call(RequestThread.java:331)
	org.codehaus.groovy.runtime.GroovyCategorySupport$ThreadCategoryInfo.use(GroovyCategorySupport.java:93)
	org.codehaus.groovy.runtime.GroovyCategorySupport$ThreadCategoryInfo.access$200(GroovyCategorySupport.java:61)
	org.codehaus.groovy.runtime.GroovyCategorySupport.use(GroovyCategorySupport.java:201)
	com.sybrix.easygsp.http.RequestThread.processScriptRequest(RequestThread.java:377)
	com.sybrix.easygsp.http.RequestThread.run(RequestThread.java:164)
[10/09/2009 05:35:50 PM EDT] - log message from index.groovy
[10/09/2009 07:43:20 PM EDT] - log... app started
[10/09/2009 07:43:21 PM EDT] - this is a log message
[10/09/2009 07:43:22 PM EDT] - ok
	at sun.reflect.NativeConstructorAccessorImpl(newInstance0:-2)
	at sun.reflect.NativeConstructorAccessorImpl(newInstance:39)
	at sun.reflect.DelegatingConstructorAccessorImpl(newInstance:27)
	at java.lang.reflect.Constructor(newInstance:513)
	at org.codehaus.groovy.reflection.CachedConstructor(invoke:77)
	at org.codehaus.groovy.runtime.callsite.ConstructorSite$ConstructorSiteNoUnwrapNoCoerce(callConstructor:107)
	at org.codehaus.groovy.runtime.callsite.CallSiteArray(defaultCallConstructor:52)
	at org.codehaus.groovy.runtime.callsite.AbstractCallSite(callConstructor:192)
	at org.codehaus.groovy.runtime.callsite.AbstractCallSite(callConstructor:200)
	at index(run:41)
	at com.sybrix.easygsp.http.GSE3(run:459)
	at com.sybrix.easygsp.http.RequestThread$1(call:331)
	at org.codehaus.groovy.runtime.GroovyCategorySupport$ThreadCategoryInfo(use:93)
	at org.codehaus.groovy.runtime.GroovyCategorySupport$ThreadCategoryInfo(access$200:61)
	at org.codehaus.groovy.runtime.GroovyCategorySupport(use:201)
	at com.sybrix.easygsp.http.RequestThread(processScriptRequest:377)
	at com.sybrix.easygsp.http.RequestThread(run:164)
[10/09/2009 07:43:22 PM EDT] - failed
ok
	at sun.reflect.NativeConstructorAccessorImpl(newInstance0:-2)
	at sun.reflect.NativeConstructorAccessorImpl(newInstance:39)
	at sun.reflect.DelegatingConstructorAccessorImpl(newInstance:27)
	at java.lang.reflect.Constructor(newInstance:513)
	at org.codehaus.groovy.reflection.CachedConstructor(invoke:77)
	at org.codehaus.groovy.runtime.callsite.ConstructorSite$ConstructorSiteNoUnwrapNoCoerce(callConstructor:107)
	at org.codehaus.groovy.runtime.callsite.CallSiteArray(defaultCallConstructor:52)
	at org.codehaus.groovy.runtime.callsite.AbstractCallSite(callConstructor:192)
	at org.codehaus.groovy.runtime.callsite.AbstractCallSite(callConstructor:200)
	at index(run:41)
	at com.sybrix.easygsp.http.GSE3(run:459)
	at com.sybrix.easygsp.http.RequestThread$1(call:331)
	at org.codehaus.groovy.runtime.GroovyCategorySupport$ThreadCategoryInfo(use:93)
	at org.codehaus.groovy.runtime.GroovyCategorySupport$ThreadCategoryInfo(access$200:61)
	at org.codehaus.groovy.runtime.GroovyCategorySupport(use:201)
	at com.sybrix.easygsp.http.RequestThread(processScriptRequest:377)
	at com.sybrix.easygsp.http.RequestThread(run:164)
[10/09/2009 07:43:22 PM EDT] - log message from index.groovy
[10/09/2009 08:23:36 PM EDT] - log... app started
[10/09/2009 08:23:37 PM EDT] - this is a log message
[10/09/2009 08:23:39 PM EDT] - ok
	at sun.reflect.NativeConstructorAccessorImpl(newInstance0:-2)
	at sun.reflect.NativeConstructorAccessorImpl(newInstance:39)
	at sun.reflect.DelegatingConstructorAccessorImpl(newInstance:27)
	at java.lang.reflect.Constructor(newInstance:513)
	at org.codehaus.groovy.reflection.CachedConstructor(invoke:77)
	at org.codehaus.groovy.runtime.callsite.ConstructorSite$ConstructorSiteNoUnwrapNoCoerce(callConstructor:107)
	at org.codehaus.groovy.runtime.callsite.CallSiteArray(defaultCallConstructor:52)
	at org.codehaus.groovy.runtime.callsite.AbstractCallSite(callConstructor:192)
	at org.codehaus.groovy.runtime.callsite.AbstractCallSite(callConstructor:200)
	at index(run:41)
	at com.sybrix.easygsp.http.GSE3(run:459)
	at com.sybrix.easygsp.http.RequestThread$1(call:331)
	at org.codehaus.groovy.runtime.GroovyCategorySupport$ThreadCategoryInfo(use:93)
	at org.codehaus.groovy.runtime.GroovyCategorySupport$ThreadCategoryInfo(access$200:61)
	at org.codehaus.groovy.runtime.GroovyCategorySupport(use:201)
	at com.sybrix.easygsp.http.RequestThread(processScriptRequest:377)
	at com.sybrix.easygsp.http.RequestThread(run:164)
[10/09/2009 08:23:39 PM EDT] - failed
ok
	at sun.reflect.NativeConstructorAccessorImpl(newInstance0:-2)
	at sun.reflect.NativeConstructorAccessorImpl(newInstance:39)
	at sun.reflect.DelegatingConstructorAccessorImpl(newInstance:27)
	at java.lang.reflect.Constructor(newInstance:513)
	at org.codehaus.groovy.reflection.CachedConstructor(invoke:77)
	at org.codehaus.groovy.runtime.callsite.ConstructorSite$ConstructorSiteNoUnwrapNoCoerce(callConstructor:107)
	at org.codehaus.groovy.runtime.callsite.CallSiteArray(defaultCallConstructor:52)
	at org.codehaus.groovy.runtime.callsite.AbstractCallSite(callConstructor:192)
	at org.codehaus.groovy.runtime.callsite.AbstractCallSite(callConstructor:200)
	at index(run:41)
	at com.sybrix.easygsp.http.GSE3(run:459)
	at com.sybrix.easygsp.http.RequestThread$1(call:331)
	at org.codehaus.groovy.runtime.GroovyCategorySupport$ThreadCategoryInfo(use:93)
	at org.codehaus.groovy.runtime.GroovyCategorySupport$ThreadCategoryInfo(access$200:61)
	at org.codehaus.groovy.runtime.GroovyCategorySupport(use:201)
	at com.sybrix.easygsp.http.RequestThread(processScriptRequest:377)
	at com.sybrix.easygsp.http.RequestThread(run:164)
[10/09/2009 08:23:39 PM EDT] - log message from index.groovy
[10/09/2009 08:28:54 PM EDT] - log... app started
[10/09/2009 08:28:55 PM EDT] - this is a log message
[10/09/2009 08:28:57 PM EDT] - ok
	at sun.reflect.NativeConstructorAccessorImpl(newInstance0:-2)
	at sun.reflect.NativeConstructorAccessorImpl(newInstance:39)
	at sun.reflect.DelegatingConstructorAccessorImpl(newInstance:27)
	at java.lang.reflect.Constructor(newInstance:513)
	at org.codehaus.groovy.reflection.CachedConstructor(invoke:77)
	at org.codehaus.groovy.runtime.callsite.ConstructorSite$ConstructorSiteNoUnwrapNoCoerce(callConstructor:107)
	at org.codehaus.groovy.runtime.callsite.CallSiteArray(defaultCallConstructor:52)
	at org.codehaus.groovy.runtime.callsite.AbstractCallSite(callConstructor:192)
	at org.codehaus.groovy.runtime.callsite.AbstractCallSite(callConstructor:200)
	at index(run:41)
	at com.sybrix.easygsp.http.GSE3(run:459)
	at com.sybrix.easygsp.http.RequestThread$1(call:331)
	at org.codehaus.groovy.runtime.GroovyCategorySupport$ThreadCategoryInfo(use:93)
	at org.codehaus.groovy.runtime.GroovyCategorySupport$ThreadCategoryInfo(access$200:61)
	at org.codehaus.groovy.runtime.GroovyCategorySupport(use:201)
	at com.sybrix.easygsp.http.RequestThread(processScriptRequest:377)
	at com.sybrix.easygsp.http.RequestThread(run:164)
[10/09/2009 08:28:57 PM EDT] - failed
ok
	at sun.reflect.NativeConstructorAccessorImpl(newInstance0:-2)
	at sun.reflect.NativeConstructorAccessorImpl(newInstance:39)
	at sun.reflect.DelegatingConstructorAccessorImpl(newInstance:27)
	at java.lang.reflect.Constructor(newInstance:513)
	at org.codehaus.groovy.reflection.CachedConstructor(invoke:77)
	at org.codehaus.groovy.runtime.callsite.ConstructorSite$ConstructorSiteNoUnwrapNoCoerce(callConstructor:107)
	at org.codehaus.groovy.runtime.callsite.CallSiteArray(defaultCallConstructor:52)
	at org.codehaus.groovy.runtime.callsite.AbstractCallSite(callConstructor:192)
	at org.codehaus.groovy.runtime.callsite.AbstractCallSite(callConstructor:200)
	at index(run:41)
	at com.sybrix.easygsp.http.GSE3(run:459)
	at com.sybrix.easygsp.http.RequestThread$1(call:331)
	at org.codehaus.groovy.runtime.GroovyCategorySupport$ThreadCategoryInfo(use:93)
	at org.codehaus.groovy.runtime.GroovyCategorySupport$ThreadCategoryInfo(access$200:61)
	at org.codehaus.groovy.runtime.GroovyCategorySupport(use:201)
	at com.sybrix.easygsp.http.RequestThread(processScriptRequest:377)
	at com.sybrix.easygsp.http.RequestThread(run:164)
[10/09/2009 08:28:57 PM EDT] - log message from index.groovy
