[10/10/2009 12:41:47 AM EDT] - log... app started
[10/10/2009 12:41:48 AM EDT] - this is a log message
[10/10/2009 12:41:50 AM EDT] - ok
	at sun.reflect.NativeConstructorAccessorImpl(newInstance0:-2)
	at sun.reflect.NativeConstructorAccessorImpl(newInstance:39)
	at sun.reflect.DelegatingConstructorAccessorImpl(newInstance:27)
	at java.lang.reflect.Constructor(newInstance:513)
	at org.codehaus.groovy.reflection.CachedConstructor(invoke:77)
	at org.codehaus.groovy.runtime.callsite.ConstructorSite$ConstructorSiteNoUnwrapNoCoerce(callConstructor:107)
	at org.codehaus.groovy.runtime.callsite.CallSiteArray(defaultCallConstructor:52)
	at org.codehaus.groovy.runtime.callsite.AbstractCallSite(callConstructor:192)
	at org.codehaus.groovy.runtime.callsite.AbstractCallSite(callConstructor:200)
	at index(run:41)
	at com.sybrix.easygsp.http.GSE3(run:459)
	at com.sybrix.easygsp.http.RequestThread$1(call:331)
	at org.codehaus.groovy.runtime.GroovyCategorySupport$ThreadCategoryInfo(use:93)
	at org.codehaus.groovy.runtime.GroovyCategorySupport$ThreadCategoryInfo(access$200:61)
	at org.codehaus.groovy.runtime.GroovyCategorySupport(use:201)
	at com.sybrix.easygsp.http.RequestThread(processScriptRequest:377)
	at com.sybrix.easygsp.http.RequestThread(run:164)
[10/10/2009 12:41:50 AM EDT] - failed
ok
	at sun.reflect.NativeConstructorAccessorImpl(newInstance0:-2)
	at sun.reflect.NativeConstructorAccessorImpl(newInstance:39)
	at sun.reflect.DelegatingConstructorAccessorImpl(newInstance:27)
	at java.lang.reflect.Constructor(newInstance:513)
	at org.codehaus.groovy.reflection.CachedConstructor(invoke:77)
	at org.codehaus.groovy.runtime.callsite.ConstructorSite$ConstructorSiteNoUnwrapNoCoerce(callConstructor:107)
	at org.codehaus.groovy.runtime.callsite.CallSiteArray(defaultCallConstructor:52)
	at org.codehaus.groovy.runtime.callsite.AbstractCallSite(callConstructor:192)
	at org.codehaus.groovy.runtime.callsite.AbstractCallSite(callConstructor:200)
	at index(run:41)
	at com.sybrix.easygsp.http.GSE3(run:459)
	at com.sybrix.easygsp.http.RequestThread$1(call:331)
	at org.codehaus.groovy.runtime.GroovyCategorySupport$ThreadCategoryInfo(use:93)
	at org.codehaus.groovy.runtime.GroovyCategorySupport$ThreadCategoryInfo(access$200:61)
	at org.codehaus.groovy.runtime.GroovyCategorySupport(use:201)
	at com.sybrix.easygsp.http.RequestThread(processScriptRequest:377)
	at com.sybrix.easygsp.http.RequestThread(run:164)
[10/10/2009 12:41:50 AM EDT] - log message from index.groovy
[10/10/2009 12:43:42 AM EDT] - log... app started
[10/10/2009 12:43:43 AM EDT] - this is a log message
[10/10/2009 12:43:45 AM EDT] - ok
	at sun.reflect.NativeConstructorAccessorImpl(newInstance0:-2)
	at sun.reflect.NativeConstructorAccessorImpl(newInstance:39)
	at sun.reflect.DelegatingConstructorAccessorImpl(newInstance:27)
	at java.lang.reflect.Constructor(newInstance:513)
	at org.codehaus.groovy.reflection.CachedConstructor(invoke:77)
	at org.codehaus.groovy.runtime.callsite.ConstructorSite$ConstructorSiteNoUnwrapNoCoerce(callConstructor:107)
	at org.codehaus.groovy.runtime.callsite.CallSiteArray(defaultCallConstructor:52)
	at org.codehaus.groovy.runtime.callsite.AbstractCallSite(callConstructor:192)
	at org.codehaus.groovy.runtime.callsite.AbstractCallSite(callConstructor:200)
	at index(run:41)
	at com.sybrix.easygsp.http.GSE3(run:459)
	at com.sybrix.easygsp.http.RequestThread$1(call:331)
	at org.codehaus.groovy.runtime.GroovyCategorySupport$ThreadCategoryInfo(use:93)
	at org.codehaus.groovy.runtime.GroovyCategorySupport$ThreadCategoryInfo(access$200:61)
	at org.codehaus.groovy.runtime.GroovyCategorySupport(use:201)
	at com.sybrix.easygsp.http.RequestThread(processScriptRequest:377)
	at com.sybrix.easygsp.http.RequestThread(run:164)
[10/10/2009 12:43:45 AM EDT] - failed
ok
	at sun.reflect.NativeConstructorAccessorImpl(newInstance0:-2)
	at sun.reflect.NativeConstructorAccessorImpl(newInstance:39)
	at sun.reflect.DelegatingConstructorAccessorImpl(newInstance:27)
	at java.lang.reflect.Constructor(newInstance:513)
	at org.codehaus.groovy.reflection.CachedConstructor(invoke:77)
	at org.codehaus.groovy.runtime.callsite.ConstructorSite$ConstructorSiteNoUnwrapNoCoerce(callConstructor:107)
	at org.codehaus.groovy.runtime.callsite.CallSiteArray(defaultCallConstructor:52)
	at org.codehaus.groovy.runtime.callsite.AbstractCallSite(callConstructor:192)
	at org.codehaus.groovy.runtime.callsite.AbstractCallSite(callConstructor:200)
	at index(run:41)
	at com.sybrix.easygsp.http.GSE3(run:459)
	at com.sybrix.easygsp.http.RequestThread$1(call:331)
	at org.codehaus.groovy.runtime.GroovyCategorySupport$ThreadCategoryInfo(use:93)
	at org.codehaus.groovy.runtime.GroovyCategorySupport$ThreadCategoryInfo(access$200:61)
	at org.codehaus.groovy.runtime.GroovyCategorySupport(use:201)
	at com.sybrix.easygsp.http.RequestThread(processScriptRequest:377)
	at com.sybrix.easygsp.http.RequestThread(run:164)
[10/10/2009 12:43:45 AM EDT] - log message from index.groovy
[10/10/2009 12:44:37 AM EDT] - this is a log message
[10/10/2009 12:44:38 AM EDT] - ok
	at sun.reflect.NativeConstructorAccessorImpl(newInstance0:-2)
	at sun.reflect.NativeConstructorAccessorImpl(newInstance:39)
	at sun.reflect.DelegatingConstructorAccessorImpl(newInstance:27)
	at java.lang.reflect.Constructor(newInstance:513)
	at org.codehaus.groovy.reflection.CachedConstructor(invoke:77)
	at org.codehaus.groovy.runtime.callsite.ConstructorSite$ConstructorSiteNoUnwrapNoCoerce(callConstructor:107)
	at org.codehaus.groovy.runtime.callsite.CallSiteArray(defaultCallConstructor:52)
	at org.codehaus.groovy.runtime.callsite.AbstractCallSite(callConstructor:192)
	at org.codehaus.groovy.runtime.callsite.AbstractCallSite(callConstructor:200)
	at index(run:41)
	at com.sybrix.easygsp.http.GSE3(run:459)
	at com.sybrix.easygsp.http.RequestThread$1(call:331)
	at org.codehaus.groovy.runtime.GroovyCategorySupport$ThreadCategoryInfo(use:93)
	at org.codehaus.groovy.runtime.GroovyCategorySupport$ThreadCategoryInfo(access$200:61)
	at org.codehaus.groovy.runtime.GroovyCategorySupport(use:201)
	at com.sybrix.easygsp.http.RequestThread(processScriptRequest:377)
	at com.sybrix.easygsp.http.RequestThread(run:164)
[10/10/2009 12:44:38 AM EDT] - failed
ok
	at sun.reflect.NativeConstructorAccessorImpl(newInstance0:-2)
	at sun.reflect.NativeConstructorAccessorImpl(newInstance:39)
	at sun.reflect.DelegatingConstructorAccessorImpl(newInstance:27)
	at java.lang.reflect.Constructor(newInstance:513)
	at org.codehaus.groovy.reflection.CachedConstructor(invoke:77)
	at org.codehaus.groovy.runtime.callsite.ConstructorSite$ConstructorSiteNoUnwrapNoCoerce(callConstructor:107)
	at org.codehaus.groovy.runtime.callsite.CallSiteArray(defaultCallConstructor:52)
	at org.codehaus.groovy.runtime.callsite.AbstractCallSite(callConstructor:192)
	at org.codehaus.groovy.runtime.callsite.AbstractCallSite(callConstructor:200)
	at index(run:41)
	at com.sybrix.easygsp.http.GSE3(run:459)
	at com.sybrix.easygsp.http.RequestThread$1(call:331)
	at org.codehaus.groovy.runtime.GroovyCategorySupport$ThreadCategoryInfo(use:93)
	at org.codehaus.groovy.runtime.GroovyCategorySupport$ThreadCategoryInfo(access$200:61)
	at org.codehaus.groovy.runtime.GroovyCategorySupport(use:201)
	at com.sybrix.easygsp.http.RequestThread(processScriptRequest:377)
	at com.sybrix.easygsp.http.RequestThread(run:164)
[10/10/2009 12:44:38 AM EDT] - log message from index.groovy
[10/10/2009 12:44:41 AM EDT] - this is a log message
[10/10/2009 12:44:41 AM EDT] - ok
	at sun.reflect.NativeConstructorAccessorImpl(newInstance0:-2)
	at sun.reflect.NativeConstructorAccessorImpl(newInstance:39)
	at sun.reflect.DelegatingConstructorAccessorImpl(newInstance:27)
	at java.lang.reflect.Constructor(newInstance:513)
	at org.codehaus.groovy.reflection.CachedConstructor(invoke:77)
	at org.codehaus.groovy.runtime.callsite.ConstructorSite$ConstructorSiteNoUnwrapNoCoerce(callConstructor:107)
	at org.codehaus.groovy.runtime.callsite.CallSiteArray(defaultCallConstructor:52)
	at org.codehaus.groovy.runtime.callsite.AbstractCallSite(callConstructor:192)
	at org.codehaus.groovy.runtime.callsite.AbstractCallSite(callConstructor:200)
	at index(run:41)
	at com.sybrix.easygsp.http.GSE3(run:459)
	at com.sybrix.easygsp.http.RequestThread$1(call:331)
	at org.codehaus.groovy.runtime.GroovyCategorySupport$ThreadCategoryInfo(use:93)
	at org.codehaus.groovy.runtime.GroovyCategorySupport$ThreadCategoryInfo(access$200:61)
	at org.codehaus.groovy.runtime.GroovyCategorySupport(use:201)
	at com.sybrix.easygsp.http.RequestThread(processScriptRequest:377)
	at com.sybrix.easygsp.http.RequestThread(run:164)
[10/10/2009 12:44:41 AM EDT] - failed
ok
	at sun.reflect.NativeConstructorAccessorImpl(newInstance0:-2)
	at sun.reflect.NativeConstructorAccessorImpl(newInstance:39)
	at sun.reflect.DelegatingConstructorAccessorImpl(newInstance:27)
	at java.lang.reflect.Constructor(newInstance:513)
	at org.codehaus.groovy.reflection.CachedConstructor(invoke:77)
	at org.codehaus.groovy.runtime.callsite.ConstructorSite$ConstructorSiteNoUnwrapNoCoerce(callConstructor:107)
	at org.codehaus.groovy.runtime.callsite.CallSiteArray(defaultCallConstructor:52)
	at org.codehaus.groovy.runtime.callsite.AbstractCallSite(callConstructor:192)
	at org.codehaus.groovy.runtime.callsite.AbstractCallSite(callConstructor:200)
	at index(run:41)
	at com.sybrix.easygsp.http.GSE3(run:459)
	at com.sybrix.easygsp.http.RequestThread$1(call:331)
	at org.codehaus.groovy.runtime.GroovyCategorySupport$ThreadCategoryInfo(use:93)
	at org.codehaus.groovy.runtime.GroovyCategorySupport$ThreadCategoryInfo(access$200:61)
	at org.codehaus.groovy.runtime.GroovyCategorySupport(use:201)
	at com.sybrix.easygsp.http.RequestThread(processScriptRequest:377)
	at com.sybrix.easygsp.http.RequestThread(run:164)
[10/10/2009 12:44:41 AM EDT] - log message from index.groovy
[10/10/2009 12:44:50 AM EDT] - this is a log message
[10/10/2009 12:44:50 AM EDT] - ok
	at sun.reflect.NativeConstructorAccessorImpl(newInstance0:-2)
	at sun.reflect.NativeConstructorAccessorImpl(newInstance:39)
	at sun.reflect.DelegatingConstructorAccessorImpl(newInstance:27)
	at java.lang.reflect.Constructor(newInstance:513)
	at org.codehaus.groovy.reflection.CachedConstructor(invoke:77)
	at org.codehaus.groovy.runtime.callsite.ConstructorSite$ConstructorSiteNoUnwrapNoCoerce(callConstructor:107)
	at org.codehaus.groovy.runtime.callsite.CallSiteArray(defaultCallConstructor:52)
	at org.codehaus.groovy.runtime.callsite.AbstractCallSite(callConstructor:192)
	at org.codehaus.groovy.runtime.callsite.AbstractCallSite(callConstructor:200)
	at index(run:41)
	at com.sybrix.easygsp.http.GSE3(run:459)
	at com.sybrix.easygsp.http.RequestThread$1(call:331)
	at org.codehaus.groovy.runtime.GroovyCategorySupport$ThreadCategoryInfo(use:93)
	at org.codehaus.groovy.runtime.GroovyCategorySupport$ThreadCategoryInfo(access$200:61)
	at org.codehaus.groovy.runtime.GroovyCategorySupport(use:201)
	at com.sybrix.easygsp.http.RequestThread(processScriptRequest:377)
	at com.sybrix.easygsp.http.RequestThread(run:164)
[10/10/2009 12:44:50 AM EDT] - failed
ok
	at sun.reflect.NativeConstructorAccessorImpl(newInstance0:-2)
	at sun.reflect.NativeConstructorAccessorImpl(newInstance:39)
	at sun.reflect.DelegatingConstructorAccessorImpl(newInstance:27)
	at java.lang.reflect.Constructor(newInstance:513)
	at org.codehaus.groovy.reflection.CachedConstructor(invoke:77)
	at org.codehaus.groovy.runtime.callsite.ConstructorSite$ConstructorSiteNoUnwrapNoCoerce(callConstructor:107)
	at org.codehaus.groovy.runtime.callsite.CallSiteArray(defaultCallConstructor:52)
	at org.codehaus.groovy.runtime.callsite.AbstractCallSite(callConstructor:192)
	at org.codehaus.groovy.runtime.callsite.AbstractCallSite(callConstructor:200)
	at index(run:41)
	at com.sybrix.easygsp.http.GSE3(run:459)
	at com.sybrix.easygsp.http.RequestThread$1(call:331)
	at org.codehaus.groovy.runtime.GroovyCategorySupport$ThreadCategoryInfo(use:93)
	at org.codehaus.groovy.runtime.GroovyCategorySupport$ThreadCategoryInfo(access$200:61)
	at org.codehaus.groovy.runtime.GroovyCategorySupport(use:201)
	at com.sybrix.easygsp.http.RequestThread(processScriptRequest:377)
	at com.sybrix.easygsp.http.RequestThread(run:164)
[10/10/2009 12:44:50 AM EDT] - log message from index.groovy
[10/10/2009 12:45:34 AM EDT] - this is a log message
[10/10/2009 12:45:34 AM EDT] - ok
	at sun.reflect.NativeConstructorAccessorImpl(newInstance0:-2)
	at sun.reflect.NativeConstructorAccessorImpl(newInstance:39)
	at sun.reflect.DelegatingConstructorAccessorImpl(newInstance:27)
	at java.lang.reflect.Constructor(newInstance:513)
	at org.codehaus.groovy.reflection.CachedConstructor(invoke:77)
	at org.codehaus.groovy.runtime.callsite.ConstructorSite$ConstructorSiteNoUnwrapNoCoerce(callConstructor:107)
	at org.codehaus.groovy.runtime.callsite.CallSiteArray(defaultCallConstructor:52)
	at org.codehaus.groovy.runtime.callsite.AbstractCallSite(callConstructor:192)
	at org.codehaus.groovy.runtime.callsite.AbstractCallSite(callConstructor:200)
	at index(run:41)
	at com.sybrix.easygsp.http.GSE3(run:459)
	at com.sybrix.easygsp.http.RequestThread$1(call:331)
	at org.codehaus.groovy.runtime.GroovyCategorySupport$ThreadCategoryInfo(use:93)
	at org.codehaus.groovy.runtime.GroovyCategorySupport$ThreadCategoryInfo(access$200:61)
	at org.codehaus.groovy.runtime.GroovyCategorySupport(use:201)
	at com.sybrix.easygsp.http.RequestThread(processScriptRequest:377)
	at com.sybrix.easygsp.http.RequestThread(run:164)
[10/10/2009 12:45:34 AM EDT] - failed
ok
	at sun.reflect.NativeConstructorAccessorImpl(newInstance0:-2)
	at sun.reflect.NativeConstructorAccessorImpl(newInstance:39)
	at sun.reflect.DelegatingConstructorAccessorImpl(newInstance:27)
	at java.lang.reflect.Constructor(newInstance:513)
	at org.codehaus.groovy.reflection.CachedConstructor(invoke:77)
	at org.codehaus.groovy.runtime.callsite.ConstructorSite$ConstructorSiteNoUnwrapNoCoerce(callConstructor:107)
	at org.codehaus.groovy.runtime.callsite.CallSiteArray(defaultCallConstructor:52)
	at org.codehaus.groovy.runtime.callsite.AbstractCallSite(callConstructor:192)
	at org.codehaus.groovy.runtime.callsite.AbstractCallSite(callConstructor:200)
	at index(run:41)
	at com.sybrix.easygsp.http.GSE3(run:459)
	at com.sybrix.easygsp.http.RequestThread$1(call:331)
	at org.codehaus.groovy.runtime.GroovyCategorySupport$ThreadCategoryInfo(use:93)
	at org.codehaus.groovy.runtime.GroovyCategorySupport$ThreadCategoryInfo(access$200:61)
	at org.codehaus.groovy.runtime.GroovyCategorySupport(use:201)
	at com.sybrix.easygsp.http.RequestThread(processScriptRequest:377)
	at com.sybrix.easygsp.http.RequestThread(run:164)
[10/10/2009 12:45:34 AM EDT] - log message from index.groovy
[10/10/2009 12:45:42 AM EDT] - this is a log message
[10/10/2009 12:45:42 AM EDT] - ok
	at sun.reflect.NativeConstructorAccessorImpl(newInstance0:-2)
	at sun.reflect.NativeConstructorAccessorImpl(newInstance:39)
	at sun.reflect.DelegatingConstructorAccessorImpl(newInstance:27)
	at java.lang.reflect.Constructor(newInstance:513)
	at org.codehaus.groovy.reflection.CachedConstructor(invoke:77)
	at org.codehaus.groovy.runtime.callsite.ConstructorSite$ConstructorSiteNoUnwrapNoCoerce(callConstructor:107)
	at org.codehaus.groovy.runtime.callsite.CallSiteArray(defaultCallConstructor:52)
	at org.codehaus.groovy.runtime.callsite.AbstractCallSite(callConstructor:192)
	at org.codehaus.groovy.runtime.callsite.AbstractCallSite(callConstructor:200)
	at index(run:41)
	at com.sybrix.easygsp.http.GSE3(run:459)
	at com.sybrix.easygsp.http.RequestThread$1(call:331)
	at org.codehaus.groovy.runtime.GroovyCategorySupport$ThreadCategoryInfo(use:93)
	at org.codehaus.groovy.runtime.GroovyCategorySupport$ThreadCategoryInfo(access$200:61)
	at org.codehaus.groovy.runtime.GroovyCategorySupport(use:201)
	at com.sybrix.easygsp.http.RequestThread(processScriptRequest:377)
	at com.sybrix.easygsp.http.RequestThread(run:164)
[10/10/2009 12:45:42 AM EDT] - failed
ok
	at sun.reflect.NativeConstructorAccessorImpl(newInstance0:-2)
	at sun.reflect.NativeConstructorAccessorImpl(newInstance:39)
	at sun.reflect.DelegatingConstructorAccessorImpl(newInstance:27)
	at java.lang.reflect.Constructor(newInstance:513)
	at org.codehaus.groovy.reflection.CachedConstructor(invoke:77)
	at org.codehaus.groovy.runtime.callsite.ConstructorSite$ConstructorSiteNoUnwrapNoCoerce(callConstructor:107)
	at org.codehaus.groovy.runtime.callsite.CallSiteArray(defaultCallConstructor:52)
	at org.codehaus.groovy.runtime.callsite.AbstractCallSite(callConstructor:192)
	at org.codehaus.groovy.runtime.callsite.AbstractCallSite(callConstructor:200)
	at index(run:41)
	at com.sybrix.easygsp.http.GSE3(run:459)
	at com.sybrix.easygsp.http.RequestThread$1(call:331)
	at org.codehaus.groovy.runtime.GroovyCategorySupport$ThreadCategoryInfo(use:93)
	at org.codehaus.groovy.runtime.GroovyCategorySupport$ThreadCategoryInfo(access$200:61)
	at org.codehaus.groovy.runtime.GroovyCategorySupport(use:201)
	at com.sybrix.easygsp.http.RequestThread(processScriptRequest:377)
	at com.sybrix.easygsp.http.RequestThread(run:164)
[10/10/2009 12:45:42 AM EDT] - log message from index.groovy
[10/10/2009 12:47:28 AM EDT] - this is a log message
[10/10/2009 12:47:28 AM EDT] - ok
	at sun.reflect.NativeConstructorAccessorImpl(newInstance0:-2)
	at sun.reflect.NativeConstructorAccessorImpl(newInstance:39)
	at sun.reflect.DelegatingConstructorAccessorImpl(newInstance:27)
	at java.lang.reflect.Constructor(newInstance:513)
	at org.codehaus.groovy.reflection.CachedConstructor(invoke:77)
	at org.codehaus.groovy.runtime.callsite.ConstructorSite$ConstructorSiteNoUnwrapNoCoerce(callConstructor:107)
	at org.codehaus.groovy.runtime.callsite.CallSiteArray(defaultCallConstructor:52)
	at org.codehaus.groovy.runtime.callsite.AbstractCallSite(callConstructor:192)
	at org.codehaus.groovy.runtime.callsite.AbstractCallSite(callConstructor:200)
	at index(run:41)
	at com.sybrix.easygsp.http.GSE3(run:459)
	at com.sybrix.easygsp.http.RequestThread$1(call:331)
	at org.codehaus.groovy.runtime.GroovyCategorySupport$ThreadCategoryInfo(use:93)
	at org.codehaus.groovy.runtime.GroovyCategorySupport$ThreadCategoryInfo(access$200:61)
	at org.codehaus.groovy.runtime.GroovyCategorySupport(use:201)
	at com.sybrix.easygsp.http.RequestThread(processScriptRequest:377)
	at com.sybrix.easygsp.http.RequestThread(run:164)
[10/10/2009 12:47:28 AM EDT] - failed
ok
	at sun.reflect.NativeConstructorAccessorImpl(newInstance0:-2)
	at sun.reflect.NativeConstructorAccessorImpl(newInstance:39)
	at sun.reflect.DelegatingConstructorAccessorImpl(newInstance:27)
	at java.lang.reflect.Constructor(newInstance:513)
	at org.codehaus.groovy.reflection.CachedConstructor(invoke:77)
	at org.codehaus.groovy.runtime.callsite.ConstructorSite$ConstructorSiteNoUnwrapNoCoerce(callConstructor:107)
	at org.codehaus.groovy.runtime.callsite.CallSiteArray(defaultCallConstructor:52)
	at org.codehaus.groovy.runtime.callsite.AbstractCallSite(callConstructor:192)
	at org.codehaus.groovy.runtime.callsite.AbstractCallSite(callConstructor:200)
	at index(run:41)
	at com.sybrix.easygsp.http.GSE3(run:459)
	at com.sybrix.easygsp.http.RequestThread$1(call:331)
	at org.codehaus.groovy.runtime.GroovyCategorySupport$ThreadCategoryInfo(use:93)
	at org.codehaus.groovy.runtime.GroovyCategorySupport$ThreadCategoryInfo(access$200:61)
	at org.codehaus.groovy.runtime.GroovyCategorySupport(use:201)
	at com.sybrix.easygsp.http.RequestThread(processScriptRequest:377)
	at com.sybrix.easygsp.http.RequestThread(run:164)
[10/10/2009 12:47:28 AM EDT] - log message from index.groovy
[10/10/2009 12:47:30 AM EDT] - this is a log message
[10/10/2009 12:47:30 AM EDT] - ok
	at sun.reflect.NativeConstructorAccessorImpl(newInstance0:-2)
	at sun.reflect.NativeConstructorAccessorImpl(newInstance:39)
	at sun.reflect.DelegatingConstructorAccessorImpl(newInstance:27)
	at java.lang.reflect.Constructor(newInstance:513)
	at org.codehaus.groovy.reflection.CachedConstructor(invoke:77)
	at org.codehaus.groovy.runtime.callsite.ConstructorSite$ConstructorSiteNoUnwrapNoCoerce(callConstructor:107)
	at org.codehaus.groovy.runtime.callsite.CallSiteArray(defaultCallConstructor:52)
	at org.codehaus.groovy.runtime.callsite.AbstractCallSite(callConstructor:192)
	at org.codehaus.groovy.runtime.callsite.AbstractCallSite(callConstructor:200)
	at index(run:41)
	at com.sybrix.easygsp.http.GSE3(run:459)
	at com.sybrix.easygsp.http.RequestThread$1(call:331)
	at org.codehaus.groovy.runtime.GroovyCategorySupport$ThreadCategoryInfo(use:93)
	at org.codehaus.groovy.runtime.GroovyCategorySupport$ThreadCategoryInfo(access$200:61)
	at org.codehaus.groovy.runtime.GroovyCategorySupport(use:201)
	at com.sybrix.easygsp.http.RequestThread(processScriptRequest:377)
	at com.sybrix.easygsp.http.RequestThread(run:164)
[10/10/2009 12:47:30 AM EDT] - failed
ok
	at sun.reflect.NativeConstructorAccessorImpl(newInstance0:-2)
	at sun.reflect.NativeConstructorAccessorImpl(newInstance:39)
	at sun.reflect.DelegatingConstructorAccessorImpl(newInstance:27)
	at java.lang.reflect.Constructor(newInstance:513)
	at org.codehaus.groovy.reflection.CachedConstructor(invoke:77)
	at org.codehaus.groovy.runtime.callsite.ConstructorSite$ConstructorSiteNoUnwrapNoCoerce(callConstructor:107)
	at org.codehaus.groovy.runtime.callsite.CallSiteArray(defaultCallConstructor:52)
	at org.codehaus.groovy.runtime.callsite.AbstractCallSite(callConstructor:192)
	at org.codehaus.groovy.runtime.callsite.AbstractCallSite(callConstructor:200)
	at index(run:41)
	at com.sybrix.easygsp.http.GSE3(run:459)
	at com.sybrix.easygsp.http.RequestThread$1(call:331)
	at org.codehaus.groovy.runtime.GroovyCategorySupport$ThreadCategoryInfo(use:93)
	at org.codehaus.groovy.runtime.GroovyCategorySupport$ThreadCategoryInfo(access$200:61)
	at org.codehaus.groovy.runtime.GroovyCategorySupport(use:201)
	at com.sybrix.easygsp.http.RequestThread(processScriptRequest:377)
	at com.sybrix.easygsp.http.RequestThread(run:164)
[10/10/2009 12:47:30 AM EDT] - log message from index.groovy
[10/10/2009 12:48:30 AM EDT] - this is a log message
[10/10/2009 12:48:30 AM EDT] - ok
	at sun.reflect.NativeConstructorAccessorImpl(newInstance0:-2)
	at sun.reflect.NativeConstructorAccessorImpl(newInstance:39)
	at sun.reflect.DelegatingConstructorAccessorImpl(newInstance:27)
	at java.lang.reflect.Constructor(newInstance:513)
	at org.codehaus.groovy.reflection.CachedConstructor(invoke:77)
	at org.codehaus.groovy.runtime.callsite.ConstructorSite$ConstructorSiteNoUnwrapNoCoerce(callConstructor:107)
	at org.codehaus.groovy.runtime.callsite.CallSiteArray(defaultCallConstructor:52)
	at org.codehaus.groovy.runtime.callsite.AbstractCallSite(callConstructor:192)
	at org.codehaus.groovy.runtime.callsite.AbstractCallSite(callConstructor:200)
	at index(run:41)
	at com.sybrix.easygsp.http.GSE3(run:459)
	at com.sybrix.easygsp.http.RequestThread$1(call:331)
	at org.codehaus.groovy.runtime.GroovyCategorySupport$ThreadCategoryInfo(use:93)
	at org.codehaus.groovy.runtime.GroovyCategorySupport$ThreadCategoryInfo(access$200:61)
	at org.codehaus.groovy.runtime.GroovyCategorySupport(use:201)
	at com.sybrix.easygsp.http.RequestThread(processScriptRequest:377)
	at com.sybrix.easygsp.http.RequestThread(run:164)
[10/10/2009 12:48:30 AM EDT] - failed
ok
	at sun.reflect.NativeConstructorAccessorImpl(newInstance0:-2)
	at sun.reflect.NativeConstructorAccessorImpl(newInstance:39)
	at sun.reflect.DelegatingConstructorAccessorImpl(newInstance:27)
	at java.lang.reflect.Constructor(newInstance:513)
	at org.codehaus.groovy.reflection.CachedConstructor(invoke:77)
	at org.codehaus.groovy.runtime.callsite.ConstructorSite$ConstructorSiteNoUnwrapNoCoerce(callConstructor:107)
	at org.codehaus.groovy.runtime.callsite.CallSiteArray(defaultCallConstructor:52)
	at org.codehaus.groovy.runtime.callsite.AbstractCallSite(callConstructor:192)
	at org.codehaus.groovy.runtime.callsite.AbstractCallSite(callConstructor:200)
	at index(run:41)
	at com.sybrix.easygsp.http.GSE3(run:459)
	at com.sybrix.easygsp.http.RequestThread$1(call:331)
	at org.codehaus.groovy.runtime.GroovyCategorySupport$ThreadCategoryInfo(use:93)
	at org.codehaus.groovy.runtime.GroovyCategorySupport$ThreadCategoryInfo(access$200:61)
	at org.codehaus.groovy.runtime.GroovyCategorySupport(use:201)
	at com.sybrix.easygsp.http.RequestThread(processScriptRequest:377)
	at com.sybrix.easygsp.http.RequestThread(run:164)
[10/10/2009 12:48:30 AM EDT] - log message from index.groovy
[10/10/2009 12:54:49 AM EDT] - this is a log message
[10/10/2009 12:54:49 AM EDT] - ok
	at sun.reflect.NativeConstructorAccessorImpl(newInstance0:-2)
	at sun.reflect.NativeConstructorAccessorImpl(newInstance:39)
	at sun.reflect.DelegatingConstructorAccessorImpl(newInstance:27)
	at java.lang.reflect.Constructor(newInstance:513)
	at org.codehaus.groovy.reflection.CachedConstructor(invoke:77)
	at org.codehaus.groovy.runtime.callsite.ConstructorSite$ConstructorSiteNoUnwrapNoCoerce(callConstructor:107)
	at org.codehaus.groovy.runtime.callsite.CallSiteArray(defaultCallConstructor:52)
	at org.codehaus.groovy.runtime.callsite.AbstractCallSite(callConstructor:192)
	at org.codehaus.groovy.runtime.callsite.AbstractCallSite(callConstructor:200)
	at index(run:41)
	at com.sybrix.easygsp.http.GSE3(run:459)
	at com.sybrix.easygsp.http.RequestThread$1(call:331)
	at org.codehaus.groovy.runtime.GroovyCategorySupport$ThreadCategoryInfo(use:93)
	at org.codehaus.groovy.runtime.GroovyCategorySupport$ThreadCategoryInfo(access$200:61)
	at org.codehaus.groovy.runtime.GroovyCategorySupport(use:201)
	at com.sybrix.easygsp.http.RequestThread(processScriptRequest:377)
	at com.sybrix.easygsp.http.RequestThread(run:164)
[10/10/2009 12:54:49 AM EDT] - failed
ok
	at sun.reflect.NativeConstructorAccessorImpl(newInstance0:-2)
	at sun.reflect.NativeConstructorAccessorImpl(newInstance:39)
	at sun.reflect.DelegatingConstructorAccessorImpl(newInstance:27)
	at java.lang.reflect.Constructor(newInstance:513)
	at org.codehaus.groovy.reflection.CachedConstructor(invoke:77)
	at org.codehaus.groovy.runtime.callsite.ConstructorSite$ConstructorSiteNoUnwrapNoCoerce(callConstructor:107)
	at org.codehaus.groovy.runtime.callsite.CallSiteArray(defaultCallConstructor:52)
	at org.codehaus.groovy.runtime.callsite.AbstractCallSite(callConstructor:192)
	at org.codehaus.groovy.runtime.callsite.AbstractCallSite(callConstructor:200)
	at index(run:41)
	at com.sybrix.easygsp.http.GSE3(run:459)
	at com.sybrix.easygsp.http.RequestThread$1(call:331)
	at org.codehaus.groovy.runtime.GroovyCategorySupport$ThreadCategoryInfo(use:93)
	at org.codehaus.groovy.runtime.GroovyCategorySupport$ThreadCategoryInfo(access$200:61)
	at org.codehaus.groovy.runtime.GroovyCategorySupport(use:201)
	at com.sybrix.easygsp.http.RequestThread(processScriptRequest:377)
	at com.sybrix.easygsp.http.RequestThread(run:164)
[10/10/2009 12:54:49 AM EDT] - log message from index.groovy
[10/10/2009 12:54:51 AM EDT] - this is a log message
[10/10/2009 12:54:51 AM EDT] - ok
	at sun.reflect.NativeConstructorAccessorImpl(newInstance0:-2)
	at sun.reflect.NativeConstructorAccessorImpl(newInstance:39)
	at sun.reflect.DelegatingConstructorAccessorImpl(newInstance:27)
	at java.lang.reflect.Constructor(newInstance:513)
	at org.codehaus.groovy.reflection.CachedConstructor(invoke:77)
	at org.codehaus.groovy.runtime.callsite.ConstructorSite$ConstructorSiteNoUnwrapNoCoerce(callConstructor:107)
	at org.codehaus.groovy.runtime.callsite.CallSiteArray(defaultCallConstructor:52)
	at org.codehaus.groovy.runtime.callsite.AbstractCallSite(callConstructor:192)
	at org.codehaus.groovy.runtime.callsite.AbstractCallSite(callConstructor:200)
	at index(run:41)
	at com.sybrix.easygsp.http.GSE3(run:459)
	at com.sybrix.easygsp.http.RequestThread$1(call:331)
	at org.codehaus.groovy.runtime.GroovyCategorySupport$ThreadCategoryInfo(use:93)
	at org.codehaus.groovy.runtime.GroovyCategorySupport$ThreadCategoryInfo(access$200:61)
	at org.codehaus.groovy.runtime.GroovyCategorySupport(use:201)
	at com.sybrix.easygsp.http.RequestThread(processScriptRequest:377)
	at com.sybrix.easygsp.http.RequestThread(run:164)
[10/10/2009 12:54:51 AM EDT] - failed
ok
	at sun.reflect.NativeConstructorAccessorImpl(newInstance0:-2)
	at sun.reflect.NativeConstructorAccessorImpl(newInstance:39)
	at sun.reflect.DelegatingConstructorAccessorImpl(newInstance:27)
	at java.lang.reflect.Constructor(newInstance:513)
	at org.codehaus.groovy.reflection.CachedConstructor(invoke:77)
	at org.codehaus.groovy.runtime.callsite.ConstructorSite$ConstructorSiteNoUnwrapNoCoerce(callConstructor:107)
	at org.codehaus.groovy.runtime.callsite.CallSiteArray(defaultCallConstructor:52)
	at org.codehaus.groovy.runtime.callsite.AbstractCallSite(callConstructor:192)
	at org.codehaus.groovy.runtime.callsite.AbstractCallSite(callConstructor:200)
	at index(run:41)
	at com.sybrix.easygsp.http.GSE3(run:459)
	at com.sybrix.easygsp.http.RequestThread$1(call:331)
	at org.codehaus.groovy.runtime.GroovyCategorySupport$ThreadCategoryInfo(use:93)
	at org.codehaus.groovy.runtime.GroovyCategorySupport$ThreadCategoryInfo(access$200:61)
	at org.codehaus.groovy.runtime.GroovyCategorySupport(use:201)
	at com.sybrix.easygsp.http.RequestThread(processScriptRequest:377)
	at com.sybrix.easygsp.http.RequestThread(run:164)
[10/10/2009 12:54:51 AM EDT] - log message from index.groovy
[10/10/2009 12:55:02 AM EDT] - this is a log message
[10/10/2009 12:55:02 AM EDT] - ok
	at sun.reflect.NativeConstructorAccessorImpl(newInstance0:-2)
	at sun.reflect.NativeConstructorAccessorImpl(newInstance:39)
	at sun.reflect.DelegatingConstructorAccessorImpl(newInstance:27)
	at java.lang.reflect.Constructor(newInstance:513)
	at org.codehaus.groovy.reflection.CachedConstructor(invoke:77)
	at org.codehaus.groovy.runtime.callsite.ConstructorSite$ConstructorSiteNoUnwrapNoCoerce(callConstructor:107)
	at org.codehaus.groovy.runtime.callsite.CallSiteArray(defaultCallConstructor:52)
	at org.codehaus.groovy.runtime.callsite.AbstractCallSite(callConstructor:192)
	at org.codehaus.groovy.runtime.callsite.AbstractCallSite(callConstructor:200)
	at index(run:41)
	at com.sybrix.easygsp.http.GSE3(run:459)
	at com.sybrix.easygsp.http.RequestThread$1(call:331)
	at org.codehaus.groovy.runtime.GroovyCategorySupport$ThreadCategoryInfo(use:93)
	at org.codehaus.groovy.runtime.GroovyCategorySupport$ThreadCategoryInfo(access$200:61)
	at org.codehaus.groovy.runtime.GroovyCategorySupport(use:201)
	at com.sybrix.easygsp.http.RequestThread(processScriptRequest:377)
	at com.sybrix.easygsp.http.RequestThread(run:164)
[10/10/2009 12:55:02 AM EDT] - failed
ok
	at sun.reflect.NativeConstructorAccessorImpl(newInstance0:-2)
	at sun.reflect.NativeConstructorAccessorImpl(newInstance:39)
	at sun.reflect.DelegatingConstructorAccessorImpl(newInstance:27)
	at java.lang.reflect.Constructor(newInstance:513)
	at org.codehaus.groovy.reflection.CachedConstructor(invoke:77)
	at org.codehaus.groovy.runtime.callsite.ConstructorSite$ConstructorSiteNoUnwrapNoCoerce(callConstructor:107)
	at org.codehaus.groovy.runtime.callsite.CallSiteArray(defaultCallConstructor:52)
	at org.codehaus.groovy.runtime.callsite.AbstractCallSite(callConstructor:192)
	at org.codehaus.groovy.runtime.callsite.AbstractCallSite(callConstructor:200)
	at index(run:41)
	at com.sybrix.easygsp.http.GSE3(run:459)
	at com.sybrix.easygsp.http.RequestThread$1(call:331)
	at org.codehaus.groovy.runtime.GroovyCategorySupport$ThreadCategoryInfo(use:93)
	at org.codehaus.groovy.runtime.GroovyCategorySupport$ThreadCategoryInfo(access$200:61)
	at org.codehaus.groovy.runtime.GroovyCategorySupport(use:201)
	at com.sybrix.easygsp.http.RequestThread(processScriptRequest:377)
	at com.sybrix.easygsp.http.RequestThread(run:164)
[10/10/2009 12:55:02 AM EDT] - log message from index.groovy
[10/10/2009 12:56:40 AM EDT] - this is a log message
[10/10/2009 12:56:40 AM EDT] - ok
	at sun.reflect.NativeConstructorAccessorImpl(newInstance0:-2)
	at sun.reflect.NativeConstructorAccessorImpl(newInstance:39)
	at sun.reflect.DelegatingConstructorAccessorImpl(newInstance:27)
	at java.lang.reflect.Constructor(newInstance:513)
	at org.codehaus.groovy.reflection.CachedConstructor(invoke:77)
	at org.codehaus.groovy.runtime.callsite.ConstructorSite$ConstructorSiteNoUnwrapNoCoerce(callConstructor:107)
	at org.codehaus.groovy.runtime.callsite.CallSiteArray(defaultCallConstructor:52)
	at org.codehaus.groovy.runtime.callsite.AbstractCallSite(callConstructor:192)
	at org.codehaus.groovy.runtime.callsite.AbstractCallSite(callConstructor:200)
	at index(run:41)
	at com.sybrix.easygsp.http.GSE3(run:459)
	at com.sybrix.easygsp.http.RequestThread$1(call:331)
	at org.codehaus.groovy.runtime.GroovyCategorySupport$ThreadCategoryInfo(use:93)
	at org.codehaus.groovy.runtime.GroovyCategorySupport$ThreadCategoryInfo(access$200:61)
	at org.codehaus.groovy.runtime.GroovyCategorySupport(use:201)
	at com.sybrix.easygsp.http.RequestThread(processScriptRequest:377)
	at com.sybrix.easygsp.http.RequestThread(run:164)
[10/10/2009 12:56:40 AM EDT] - failed
ok
	at sun.reflect.NativeConstructorAccessorImpl(newInstance0:-2)
	at sun.reflect.NativeConstructorAccessorImpl(newInstance:39)
	at sun.reflect.DelegatingConstructorAccessorImpl(newInstance:27)
	at java.lang.reflect.Constructor(newInstance:513)
	at org.codehaus.groovy.reflection.CachedConstructor(invoke:77)
	at org.codehaus.groovy.runtime.callsite.ConstructorSite$ConstructorSiteNoUnwrapNoCoerce(callConstructor:107)
	at org.codehaus.groovy.runtime.callsite.CallSiteArray(defaultCallConstructor:52)
	at org.codehaus.groovy.runtime.callsite.AbstractCallSite(callConstructor:192)
	at org.codehaus.groovy.runtime.callsite.AbstractCallSite(callConstructor:200)
	at index(run:41)
	at com.sybrix.easygsp.http.GSE3(run:459)
	at com.sybrix.easygsp.http.RequestThread$1(call:331)
	at org.codehaus.groovy.runtime.GroovyCategorySupport$ThreadCategoryInfo(use:93)
	at org.codehaus.groovy.runtime.GroovyCategorySupport$ThreadCategoryInfo(access$200:61)
	at org.codehaus.groovy.runtime.GroovyCategorySupport(use:201)
	at com.sybrix.easygsp.http.RequestThread(processScriptRequest:377)
	at com.sybrix.easygsp.http.RequestThread(run:164)
[10/10/2009 12:56:40 AM EDT] - log message from index.groovy
[10/10/2009 12:57:05 AM EDT] - this is a log message
[10/10/2009 12:57:05 AM EDT] - ok
	at sun.reflect.NativeConstructorAccessorImpl(newInstance0:-2)
	at sun.reflect.NativeConstructorAccessorImpl(newInstance:39)
	at sun.reflect.DelegatingConstructorAccessorImpl(newInstance:27)
	at java.lang.reflect.Constructor(newInstance:513)
	at org.codehaus.groovy.reflection.CachedConstructor(invoke:77)
	at org.codehaus.groovy.runtime.callsite.ConstructorSite$ConstructorSiteNoUnwrapNoCoerce(callConstructor:107)
	at org.codehaus.groovy.runtime.callsite.CallSiteArray(defaultCallConstructor:52)
	at org.codehaus.groovy.runtime.callsite.AbstractCallSite(callConstructor:192)
	at org.codehaus.groovy.runtime.callsite.AbstractCallSite(callConstructor:200)
	at index(run:41)
	at com.sybrix.easygsp.http.GSE3(run:459)
	at com.sybrix.easygsp.http.RequestThread$1(call:331)
	at org.codehaus.groovy.runtime.GroovyCategorySupport$ThreadCategoryInfo(use:93)
	at org.codehaus.groovy.runtime.GroovyCategorySupport$ThreadCategoryInfo(access$200:61)
	at org.codehaus.groovy.runtime.GroovyCategorySupport(use:201)
	at com.sybrix.easygsp.http.RequestThread(processScriptRequest:377)
	at com.sybrix.easygsp.http.RequestThread(run:164)
[10/10/2009 12:57:05 AM EDT] - failed
ok
	at sun.reflect.NativeConstructorAccessorImpl(newInstance0:-2)
	at sun.reflect.NativeConstructorAccessorImpl(newInstance:39)
	at sun.reflect.DelegatingConstructorAccessorImpl(newInstance:27)
	at java.lang.reflect.Constructor(newInstance:513)
	at org.codehaus.groovy.reflection.CachedConstructor(invoke:77)
	at org.codehaus.groovy.runtime.callsite.ConstructorSite$ConstructorSiteNoUnwrapNoCoerce(callConstructor:107)
	at org.codehaus.groovy.runtime.callsite.CallSiteArray(defaultCallConstructor:52)
	at org.codehaus.groovy.runtime.callsite.AbstractCallSite(callConstructor:192)
	at org.codehaus.groovy.runtime.callsite.AbstractCallSite(callConstructor:200)
	at index(run:41)
	at com.sybrix.easygsp.http.GSE3(run:459)
	at com.sybrix.easygsp.http.RequestThread$1(call:331)
	at org.codehaus.groovy.runtime.GroovyCategorySupport$ThreadCategoryInfo(use:93)
	at org.codehaus.groovy.runtime.GroovyCategorySupport$ThreadCategoryInfo(access$200:61)
	at org.codehaus.groovy.runtime.GroovyCategorySupport(use:201)
	at com.sybrix.easygsp.http.RequestThread(processScriptRequest:377)
	at com.sybrix.easygsp.http.RequestThread(run:164)
[10/10/2009 12:57:05 AM EDT] - log message from index.groovy
[10/10/2009 01:10:55 AM EDT] - log... app started
[10/10/2009 01:10:56 AM EDT] - this is a log message
[10/10/2009 01:10:58 AM EDT] - ok
	at sun.reflect.NativeConstructorAccessorImpl(newInstance0:-2)
	at sun.reflect.NativeConstructorAccessorImpl(newInstance:39)
	at sun.reflect.DelegatingConstructorAccessorImpl(newInstance:27)
	at java.lang.reflect.Constructor(newInstance:513)
	at org.codehaus.groovy.reflection.CachedConstructor(invoke:77)
	at org.codehaus.groovy.runtime.callsite.ConstructorSite$ConstructorSiteNoUnwrapNoCoerce(callConstructor:107)
	at org.codehaus.groovy.runtime.callsite.CallSiteArray(defaultCallConstructor:52)
	at org.codehaus.groovy.runtime.callsite.AbstractCallSite(callConstructor:192)
	at org.codehaus.groovy.runtime.callsite.AbstractCallSite(callConstructor:200)
	at index(run:41)
	at com.sybrix.easygsp.http.GSE3(run:459)
	at com.sybrix.easygsp.http.RequestThread$1(call:331)
	at org.codehaus.groovy.runtime.GroovyCategorySupport$ThreadCategoryInfo(use:93)
	at org.codehaus.groovy.runtime.GroovyCategorySupport$ThreadCategoryInfo(access$200:61)
	at org.codehaus.groovy.runtime.GroovyCategorySupport(use:201)
	at com.sybrix.easygsp.http.RequestThread(processScriptRequest:377)
	at com.sybrix.easygsp.http.RequestThread(run:164)
[10/10/2009 01:10:58 AM EDT] - failed
ok
	at sun.reflect.NativeConstructorAccessorImpl(newInstance0:-2)
	at sun.reflect.NativeConstructorAccessorImpl(newInstance:39)
	at sun.reflect.DelegatingConstructorAccessorImpl(newInstance:27)
	at java.lang.reflect.Constructor(newInstance:513)
	at org.codehaus.groovy.reflection.CachedConstructor(invoke:77)
	at org.codehaus.groovy.runtime.callsite.ConstructorSite$ConstructorSiteNoUnwrapNoCoerce(callConstructor:107)
	at org.codehaus.groovy.runtime.callsite.CallSiteArray(defaultCallConstructor:52)
	at org.codehaus.groovy.runtime.callsite.AbstractCallSite(callConstructor:192)
	at org.codehaus.groovy.runtime.callsite.AbstractCallSite(callConstructor:200)
	at index(run:41)
	at com.sybrix.easygsp.http.GSE3(run:459)
	at com.sybrix.easygsp.http.RequestThread$1(call:331)
	at org.codehaus.groovy.runtime.GroovyCategorySupport$ThreadCategoryInfo(use:93)
	at org.codehaus.groovy.runtime.GroovyCategorySupport$ThreadCategoryInfo(access$200:61)
	at org.codehaus.groovy.runtime.GroovyCategorySupport(use:201)
	at com.sybrix.easygsp.http.RequestThread(processScriptRequest:377)
	at com.sybrix.easygsp.http.RequestThread(run:164)
[10/10/2009 01:10:58 AM EDT] - log message from index.groovy
