[10/19/2009 09:28:26 PM EDT] - log... app started
[10/19/2009 09:28:26 PM EDT] - this is a log message
[10/19/2009 09:28:28 PM EDT] - ok
	at sun.reflect.NativeConstructorAccessorImpl(newInstance0:-2)
	at sun.reflect.NativeConstructorAccessorImpl(newInstance:-1)
	at sun.reflect.DelegatingConstructorAccessorImpl(newInstance:-1)
	at java.lang.reflect.Constructor(newInstance:-1)
	at org.codehaus.groovy.reflection.CachedConstructor(invoke:77)
	at org.codehaus.groovy.runtime.callsite.ConstructorSite$ConstructorSiteNoUnwrapNoCoerce(callConstructor:107)
	at org.codehaus.groovy.runtime.callsite.CallSiteArray(defaultCallConstructor:52)
	at org.codehaus.groovy.runtime.callsite.AbstractCallSite(callConstructor:192)
	at org.codehaus.groovy.runtime.callsite.AbstractCallSite(callConstructor:200)
	at index(run:41)
	at com.sybrix.easygsp.http.GSE3(run:459)
	at com.sybrix.easygsp.http.RequestThread$1(call:331)
	at org.codehaus.groovy.runtime.GroovyCategorySupport$ThreadCategoryInfo(use:93)
	at org.codehaus.groovy.runtime.GroovyCategorySupport$ThreadCategoryInfo(access$200:61)
	at org.codehaus.groovy.runtime.GroovyCategorySupport(use:201)
	at com.sybrix.easygsp.http.RequestThread(processScriptRequest:377)
	at com.sybrix.easygsp.http.RequestThread(run:164)
[10/19/2009 09:28:28 PM EDT] - failed
ok
	at sun.reflect.NativeConstructorAccessorImpl(newInstance0:-2)
	at sun.reflect.NativeConstructorAccessorImpl(newInstance:-1)
	at sun.reflect.DelegatingConstructorAccessorImpl(newInstance:-1)
	at java.lang.reflect.Constructor(newInstance:-1)
	at org.codehaus.groovy.reflection.CachedConstructor(invoke:77)
	at org.codehaus.groovy.runtime.callsite.ConstructorSite$ConstructorSiteNoUnwrapNoCoerce(callConstructor:107)
	at org.codehaus.groovy.runtime.callsite.CallSiteArray(defaultCallConstructor:52)
	at org.codehaus.groovy.runtime.callsite.AbstractCallSite(callConstructor:192)
	at org.codehaus.groovy.runtime.callsite.AbstractCallSite(callConstructor:200)
	at index(run:41)
	at com.sybrix.easygsp.http.GSE3(run:459)
	at com.sybrix.easygsp.http.RequestThread$1(call:331)
	at org.codehaus.groovy.runtime.GroovyCategorySupport$ThreadCategoryInfo(use:93)
	at org.codehaus.groovy.runtime.GroovyCategorySupport$ThreadCategoryInfo(access$200:61)
	at org.codehaus.groovy.runtime.GroovyCategorySupport(use:201)
	at com.sybrix.easygsp.http.RequestThread(processScriptRequest:377)
	at com.sybrix.easygsp.http.RequestThread(run:164)
[10/19/2009 09:28:28 PM EDT] - log message from index.groovy
